<?xml version="1.0" encoding="UTF-8"?>
<testng-results ignored="0" total="2" passed="2" failed="0" skipped="0">
  <reporter-output>
    <line>
      <![CDATA[Welcome to DS-Algo Home page]]>
    </line>
    <line>
      <![CDATA[Username value is entered]]>
    </line>
    <line>
      <![CDATA[Password value is entered]]>
    </line>
    <line>
      <![CDATA[ConfirmRegister value is entered]]>
    </line>
    <line>
      <![CDATA[Page url : NumpyNinja]]>
    </line>
  </reporter-output>
  <suite started-at="2021-12-18T04:54:58Z" name="Default suite" finished-at="2021-12-18T04:55:35Z" duration-ms="36845">
    <groups>
    </groups>
    <test started-at="2021-12-18T04:54:58Z" name="Default test" finished-at="2021-12-18T04:55:35Z" duration-ms="36845">
      <class name="com.automation.test.Graphlogin">
        <test-method is-config="true" signature="beforeClass()[pri:0, instance:com.automation.test.Graphlogin@2374d36a]" started-at="2021-12-18T04:54:58Z" name="beforeClass" finished-at="2021-12-18T04:55:15Z" duration-ms="16823" status="PASS">
          <reporter-output>
            <line>
              <![CDATA[Welcome to DS-Algo Home page]]>
            </line>
          </reporter-output>
        </test-method> <!-- beforeClass -->
        <test-method signature="testone(java.lang.String, java.lang.String)[pri:0, instance:com.automation.test.Graphlogin@2374d36a]" started-at="2021-12-18T04:55:17Z" name="testone" data-provider="SearchProviderone" finished-at="2021-12-18T04:55:18Z" duration-ms="1660" status="PASS">
          <params>
            <param index="0">
              <value>
                <![CDATA[sdet18]]>
              </value>
            </param>
            <param index="1">
              <value>
                <![CDATA[WELCOME18]]>
              </value>
            </param>
          </params>
          <reporter-output>
            <line>
              <![CDATA[Username value is entered]]>
            </line>
            <line>
              <![CDATA[Password value is entered]]>
            </line>
            <line>
              <![CDATA[ConfirmRegister value is entered]]>
            </line>
          </reporter-output>
        </test-method> <!-- testone -->
        <test-method signature="testtwo(java.lang.String)[pri:1, instance:com.automation.test.Graphlogin@2374d36a]" started-at="2021-12-18T04:55:19Z" name="testtwo" data-provider="SearchProvidertwo" finished-at="2021-12-18T04:55:33Z" duration-ms="14127" status="PASS">
          <params>
            <param index="0">
              <value>
                <![CDATA[print 5]]>
              </value>
            </param>
          </params>
          <reporter-output>
            <line>
              <![CDATA[Page url : NumpyNinja]]>
            </line>
          </reporter-output>
        </test-method> <!-- testtwo -->
        <test-method is-config="true" signature="afterClass()[pri:0, instance:com.automation.test.Graphlogin@2374d36a]" started-at="2021-12-18T04:55:33Z" name="afterClass" finished-at="2021-12-18T04:55:35Z" duration-ms="2005" status="FAIL">
          <exception class="org.openqa.selenium.NoSuchSessionException">
            <message>
              <![CDATA[Tried to run command without establishing a connection
Build info: version: '3.141.59', revision: 'e82be7d358', time: '2018-11-14T08:17:03'
System info: host: 'ASUS-PC', ip: '192.168.153.1', os.name: 'Windows 10', os.arch: 'amd64', os.version: '10.0', java.version: '11.0.12'
Driver info: org.openqa.selenium.firefox.FirefoxDriver
Capabilities {acceptInsecureCerts: true, browserName: firefox, browserVersion: 95.0.1, javascriptEnabled: true, moz:accessibilityChecks: false, moz:buildID: 20211215221728, moz:geckodriverVersion: 0.30.0, moz:headless: false, moz:processID: 11524, moz:profile: C:\Users\Supriya\AppData\Lo..., moz:shutdownTimeout: 60000, moz:useNonSpecCompliantPointerOrigin: false, moz:webdriverClick: true, pageLoadStrategy: normal, platform: WINDOWS, platformName: WINDOWS, platformVersion: 10.0, proxy: Proxy(), setWindowRect: true, strictFileInteractability: false, timeouts: {implicit: 0, pageLoad: 300000, script: 30000}, unhandledPromptBehavior: dismiss and notify}
Session ID: ddb3c09a-61eb-4bb9-bd54-9b50fc69f2a6]]>
            </message>
            <full-stacktrace>
              <![CDATA[org.openqa.selenium.NoSuchSessionException: Tried to run command without establishing a connection
Build info: version: '3.141.59', revision: 'e82be7d358', time: '2018-11-14T08:17:03'
System info: host: 'ASUS-PC', ip: '192.168.153.1', os.name: 'Windows 10', os.arch: 'amd64', os.version: '10.0', java.version: '11.0.12'
Driver info: org.openqa.selenium.firefox.FirefoxDriver
Capabilities {acceptInsecureCerts: true, browserName: firefox, browserVersion: 95.0.1, javascriptEnabled: true, moz:accessibilityChecks: false, moz:buildID: 20211215221728, moz:geckodriverVersion: 0.30.0, moz:headless: false, moz:processID: 11524, moz:profile: C:\Users\Supriya\AppData\Lo..., moz:shutdownTimeout: 60000, moz:useNonSpecCompliantPointerOrigin: false, moz:webdriverClick: true, pageLoadStrategy: normal, platform: WINDOWS, platformName: WINDOWS, platformVersion: 10.0, proxy: Proxy(), setWindowRect: true, strictFileInteractability: false, timeouts: {implicit: 0, pageLoad: 300000, script: 30000}, unhandledPromptBehavior: dismiss and notify}
Session ID: ddb3c09a-61eb-4bb9-bd54-9b50fc69f2a6
at java.base/jdk.internal.reflect.NativeConstructorAccessorImpl.newInstance0(Native Method)
at java.base/jdk.internal.reflect.NativeConstructorAccessorImpl.newInstance(NativeConstructorAccessorImpl.java:62)
at java.base/jdk.internal.reflect.DelegatingConstructorAccessorImpl.newInstance(DelegatingConstructorAccessorImpl.java:45)
at java.base/java.lang.reflect.Constructor.newInstance(Constructor.java:490)
at org.openqa.selenium.remote.http.W3CHttpResponseCodec.createException(W3CHttpResponseCodec.java:187)
at org.openqa.selenium.remote.http.W3CHttpResponseCodec.decode(W3CHttpResponseCodec.java:122)
at org.openqa.selenium.remote.http.W3CHttpResponseCodec.decode(W3CHttpResponseCodec.java:49)
at org.openqa.selenium.remote.HttpCommandExecutor.execute(HttpCommandExecutor.java:158)
at org.openqa.selenium.remote.service.DriverCommandExecutor.execute(DriverCommandExecutor.java:83)
at org.openqa.selenium.remote.RemoteWebDriver.execute(RemoteWebDriver.java:552)
at org.openqa.selenium.remote.RemoteWebDriver.execute(RemoteWebDriver.java:609)
at org.openqa.selenium.remote.RemoteWebDriver.quit(RemoteWebDriver.java:452)
at com.automation.utils.BrowserFactory.quitBrowser(BrowserFactory.java:63)
at com.automation.pages.BaseClass.afterClass(BaseClass.java:66)
at java.base/jdk.internal.reflect.NativeMethodAccessorImpl.invoke0(Native Method)
at java.base/jdk.internal.reflect.NativeMethodAccessorImpl.invoke(NativeMethodAccessorImpl.java:62)
at java.base/jdk.internal.reflect.DelegatingMethodAccessorImpl.invoke(DelegatingMethodAccessorImpl.java:43)
at java.base/java.lang.reflect.Method.invoke(Method.java:566)
at org.testng.internal.MethodInvocationHelper.invokeMethod(MethodInvocationHelper.java:124)
at org.testng.internal.MethodInvocationHelper.invokeMethodConsideringTimeout(MethodInvocationHelper.java:59)
at org.testng.internal.Invoker.invokeConfigurationMethod(Invoker.java:458)
at org.testng.internal.Invoker.invokeConfigurations(Invoker.java:222)
at org.testng.internal.Invoker.invokeConfigurations(Invoker.java:142)
at org.testng.internal.TestMethodWorker.invokeAfterClassMethods(TestMethodWorker.java:214)
at org.testng.internal.TestMethodWorker.run(TestMethodWorker.java:111)
at org.testng.TestRunner.privateRun(TestRunner.java:648)
at org.testng.TestRunner.run(TestRunner.java:505)
at org.testng.SuiteRunner.runTest(SuiteRunner.java:455)
at org.testng.SuiteRunner.runSequentially(SuiteRunner.java:450)
at org.testng.SuiteRunner.privateRun(SuiteRunner.java:415)
at org.testng.SuiteRunner.run(SuiteRunner.java:364)
at org.testng.SuiteRunnerWorker.runSuite(SuiteRunnerWorker.java:52)
at org.testng.SuiteRunnerWorker.run(SuiteRunnerWorker.java:84)
at org.testng.TestNG.runSuitesSequentially(TestNG.java:1208)
at org.testng.TestNG.runSuitesLocally(TestNG.java:1137)
at org.testng.TestNG.runSuites(TestNG.java:1049)
at org.testng.TestNG.run(TestNG.java:1017)
at org.testng.remote.AbstractRemoteTestNG.run(AbstractRemoteTestNG.java:115)
at org.testng.remote.RemoteTestNG.initAndRun(RemoteTestNG.java:251)
at org.testng.remote.RemoteTestNG.main(RemoteTestNG.java:77)
]]>
            </full-stacktrace>
          </exception> <!-- org.openqa.selenium.NoSuchSessionException -->
          <reporter-output>
          </reporter-output>
        </test-method> <!-- afterClass -->
      </class> <!-- com.automation.test.Graphlogin -->
    </test> <!-- Default test -->
  </suite> <!-- Default suite -->
</testng-results>
